<?xml version="1.0" encoding="UTF-8"?>
<!-- Generated by org.testng.reporters.JUnitReportReporter -->
<testsuite skipped="0" hostname="DESKTOP-CUL8PQA" name="pipedriveUI.UI_TC1_AddDeal" tests="2" failures="0" timestamp="2022-08-29T04:20:03 IST" time="41.027" errors="0">
  <testcase name="loginTest" time="3.781" classname="pipedriveUI.UI_TC1_AddDeal"/>
  <system-out/>
  <testcase name="addDeal" time="37.246" classname="pipedriveUI.UI_TC1_AddDeal"/>
  <system-out/>
</testsuite> <!-- pipedriveUI.UI_TC1_AddDeal -->
