<?xml version="1.0" encoding="UTF-8"?>
<!-- Generated by org.testng.reporters.JUnitReportReporter -->
<testsuite skipped="0" hostname="DESKTOP-CUL8PQA" name="pipedriveUI.UI_TC2_scheduleMeeting" tests="2" failures="0" timestamp="2022-08-29T04:20:03 IST" time="129.139" errors="0">
  <testcase name="loginTest" time="2.486" classname="pipedriveUI.UI_TC2_scheduleMeeting"/>
  <system-out/>
  <testcase name="scheduleAppointment" time="126.653" classname="pipedriveUI.UI_TC2_scheduleMeeting"/>
  <system-out/>
</testsuite> <!-- pipedriveUI.UI_TC2_scheduleMeeting -->
