<?xml version="1.0" encoding="UTF-8"?>
<testsuite name="pipedriveUI.UI_TC2_scheduleMeeting" tests="2" skipped="0" failures="0" errors="0" timestamp="2022-08-28T22:44:54" hostname="DESKTOP-CUL8PQA" time="129.151">
  <properties/>
  <testcase name="loginTest" classname="pipedriveUI.UI_TC2_scheduleMeeting" time="2.486"/>
  <testcase name="scheduleAppointment" classname="pipedriveUI.UI_TC2_scheduleMeeting" time="126.653"/>
  <system-out><![CDATA[Pipedrive
User looged in
Meeting
]]></system-out>
  <system-err><![CDATA[Starting ChromeDriver 103.0.5060.134 (8ec6fce403b3feb0869b0732eda8bd95011d333c-refs/branch-heads/5060@{#1262}) on port 58619
Only local connections are allowed.
Please see https://chromedriver.chromium.org/security-considerations for suggestions on keeping ChromeDriver safe.
ChromeDriver was started successfully.
[1661726687.288][WARNING]: This version of ChromeDriver has not been tested with Chrome version 104.
Aug 29, 2022 4:14:47 AM org.openqa.selenium.remote.ProtocolHandshake createSession
INFO: Detected upstream dialect: W3C
Aug 29, 2022 4:14:47 AM org.openqa.selenium.devtools.CdpVersionFinder findNearestMatch
INFO: Found exact CDP implementation for version 104
]]></system-err>
</testsuite>
