<?xml version="1.0" encoding="UTF-8"?>
<!-- Generated by org.testng.reporters.JUnitReportReporter -->
<testsuite hostname="DESKTOP-CUL8PQA" failures="0" tests="4" name="bookStoreApplictionUI.UI_TC3_DeleteDeal" time="33.014" errors="0" timestamp="2022-08-27T00:36:52 IST" skipped="0">
  <testcase classname="bookStoreApplictionUI.UI_TC3_DeleteDeal" name="loginTest" time="3.898"/>
  <system-out/>
  <testcase classname="bookStoreApplictionUI.UI_TC3_DeleteDeal" name="setExpectedCloseDate" time="27.025"/>
  <system-out/>
  <testcase classname="bookStoreApplictionUI.UI_TC3_DeleteDeal" name="changeExpectedCloseDate" time="1.509"/>
  <system-out/>
  <testcase classname="bookStoreApplictionUI.UI_TC3_DeleteDeal" name="deleteExpectedCloseDate" time="0.582"/>
  <system-out/>
</testsuite> <!-- bookStoreApplictionUI.UI_TC3_DeleteDeal -->
