<?xml version="1.0" encoding="UTF-8"?>
<!-- Generated by org.testng.reporters.JUnitReportReporter -->
<testsuite hostname="DESKTOP-CUL8PQA" failures="0" tests="2" name="bookStoreApplictionUI.UITC2_scheduleMeeting" time="155.826" errors="0" timestamp="2022-08-26T15:47:43 IST" skipped="0">
  <testcase classname="bookStoreApplictionUI.UITC2_scheduleMeeting" name="loginTest" time="5.995"/>
  <system-out/>
  <testcase classname="bookStoreApplictionUI.UITC2_scheduleMeeting" name="bookStore" time="149.831"/>
  <system-out/>
</testsuite> <!-- bookStoreApplictionUI.UITC2_scheduleMeeting -->
