<?xml version="1.0" encoding="UTF-8"?>
<!-- Generated by org.testng.reporters.JUnitReportReporter -->
<testsuite hostname="DESKTOP-CUL8PQA" failures="0" tests="2" name="bookStoreApplictionUI.UITC1_Deals" time="29.173" errors="0" timestamp="2022-08-25T12:22:43 IST" skipped="0">
  <testcase classname="bookStoreApplictionUI.UITC1_Deals" name="loginTest" time="3.332"/>
  <system-out/>
  <testcase classname="bookStoreApplictionUI.UITC1_Deals" name="bookStore" time="25.841"/>
  <system-out/>
</testsuite> <!-- bookStoreApplictionUI.UITC1_Deals -->
